<?xml version="1.0" encoding="UTF-8"?>
<Site BuildName="Linux-x86_64-linux-gnu-g++-9"
	BuildStamp="20211006-1523-Experimental"
	Name="ubuntu"
	Generator="ctest-3.16.3"
	CompilerName="/bin/x86_64-linux-gnu-g++-9"
	CompilerVersion="9.3.0"
	OSName="Linux"
	Hostname="ubuntu"
	OSRelease="5.11.0-37-generic"
	OSVersion="#41~20.04.2-Ubuntu SMP Fri Sep 24 09:06:38 UTC 2021"
	OSPlatform="x86_64"
	Is64Bits="1"
	VendorString="GenuineIntel"
	VendorID="Intel Corporation"
	FamilyID="6"
	ModelID="142"
	ProcessorCacheSize="6144"
	NumberOfLogicalCPU="8"
	NumberOfPhysicalCPU="8"
	TotalVirtualMemory="923"
	TotalPhysicalMemory="7927"
	LogicalProcessorsPerPhysical="1"
	ProcessorClockFrequency="2112"
	>
	<Testing>
		<StartDateTime>Oct 06 23:23 CST</StartDateTime>
		<StartTestTime>1633533793</StartTestTime>
		<TestList/>
		<EndDateTime>Oct 06 23:23 CST</EndDateTime>
		<EndTestTime>1633533793</EndTestTime>
		<ElapsedMinutes>0</ElapsedMinutes>
	</Testing>
</Site>
